<?xml version="1.0" encoding="UTF-8"?>
<!-- Generated by org.testng.reporters.JUnitReportReporter -->
<testsuite skipped="0" hostname="Abdullah-Obaid" name="variousConcepts.CrmTest$VariousConcepts" tests="2" failures="0" timestamp="2022-04-03T19:22:35 CDT" time="13.819" errors="0">
  <testcase name="loginTest" time="6.321" classname="variousConcepts.CrmTest$VariousConcepts"/>
  <system-out/>
  <testcase name="addCustomerTest" time="7.498" classname="variousConcepts.CrmTest$VariousConcepts"/>
  <system-out/>
</testsuite> <!-- variousConcepts.CrmTest$VariousConcepts -->
