<?xml version="1.0" encoding="UTF-8"?>
<!-- Generated by org.testng.reporters.JUnitReportReporter -->
<testsuite skipped="0" hostname="Abdullah-Obaid" name="variousConcepts.CrmTest" tests="1" failures="0" timestamp="2022-03-29T01:54:21 CDT" time="6.931" errors="0">
  <testcase name="foxTesting" time="6.931" classname="variousConcepts.CrmTest"/>
  <system-out/>
</testsuite> <!-- variousConcepts.CrmTest -->
